Base path: C:/Program Files/Unity/Editor/Data
Cmd: initializeCompiler
Cmd: compileComputeKernel
  api=4 insize=13661 outsize=28737 ok=1
Cmd: compileComputeKernel
  api=4 insize=13661 outsize=37505 ok=1
Cmd: compileComputeKernel
  api=4 insize=13661 outsize=44177 ok=1
Cmd: compileComputeKernel
  api=4 insize=13661 outsize=31221 ok=1
Cmd: compileComputeKernel
  api=4 insize=13661 outsize=34545 ok=1
Cmd: compileComputeKernel
  api=4 insize=13661 outsize=42669 ok=1
Cmd: compileComputeKernel
  api=4 insize=13661 outsize=41657 ok=1
Cmd: compileComputeKernel
  api=4 insize=13661 outsize=45917 ok=1
Cmd: compileComputeKernel
  api=4 insize=13661 outsize=36093 ok=1
Cmd: compileComputeKernel
  api=4 insize=13661 outsize=68769 ok=1
Cmd: compileComputeKernel
  api=4 insize=26681 outsize=15341 ok=1
Cmd: compileComputeKernel
  api=4 insize=1226 outsize=781 ok=1
Cmd: compileComputeKernel
  api=4 insize=11176 outsize=10593 ok=1
Cmd: compileComputeKernel
  api=4 insize=5022 outsize=4101 ok=1
Cmd: compileComputeKernel
  api=4 insize=18731 outsize=10469 ok=1
Cmd: compileComputeKernel
  api=4 insize=19063 outsize=14613 ok=1
Cmd: compileComputeKernel
  api=4 insize=2953 outsize=1329 ok=1
Cmd: compileComputeKernel
  api=4 insize=36517 outsize=31009 ok=1
Cmd: compileComputeKernel
  api=4 insize=3506 outsize=1685 ok=1
Cmd: compileComputeKernel
  api=4 insize=16866 outsize=6121 ok=1
Cmd: compileComputeKernel
  api=4 insize=16866 outsize=6625 ok=1
Cmd: compileComputeKernel
  api=4 insize=16866 outsize=8469 ok=1
Cmd: compileComputeKernel
  api=4 insize=16866 outsize=6181 ok=1
Cmd: compileComputeKernel
  api=4 insize=16866 outsize=7261 ok=1
Cmd: compileComputeKernel
  api=4 insize=16866 outsize=8345 ok=1
Cmd: compileComputeKernel
  api=4 insize=16866 outsize=8957 ok=1
Cmd: compileComputeKernel
  api=4 insize=16866 outsize=9261 ok=1
Cmd: compileComputeKernel
  error: 2 plat 4 at Test.vfx(14): failed to open source file: 'Packages/com.unity.visualeffectgraph/Shaders/Common/VFXCommonCompute.cginc'
  api=4 insize=4750 outsize=0 ok=0
Cmd: compileComputeKernel
  error: 2 plat 4 at Test.vfx(19): failed to open source file: 'Packages/com.unity.visualeffectgraph/Shaders/Common/VFXCommonCompute.cginc'
  api=4 insize=3537 outsize=0 ok=0
Cmd: initializeCompiler
Cmd: initializeCompiler
Cmd: initializeCompiler
Cmd: initializeCompiler
Cmd: initializeCompiler
