Base path: C:/Program Files/Unity/Editor/Data
Cmd: initializeCompiler
Cmd: compileComputeKernel
  api=4 insize=13661 outsize=40201 ok=1
Cmd: compileComputeKernel
  api=4 insize=13661 outsize=48257 ok=1
Cmd: compileComputeKernel
  api=4 insize=13661 outsize=34949 ok=1
Cmd: compileComputeKernel
  api=4 insize=13661 outsize=41589 ok=1
Cmd: compileComputeKernel
  api=4 insize=13661 outsize=31957 ok=1
Cmd: compileComputeKernel
  api=4 insize=13661 outsize=41257 ok=1
Cmd: compileComputeKernel
  api=4 insize=13661 outsize=58545 ok=1
Cmd: compileComputeKernel
  api=4 insize=13661 outsize=49869 ok=1
Cmd: compileComputeKernel
  api=4 insize=13661 outsize=60993 ok=1
Cmd: compileComputeKernel
  api=4 insize=26681 outsize=14253 ok=1
Cmd: compileComputeKernel
  api=4 insize=26681 outsize=301 ok=1
Cmd: compileComputeKernel
  api=4 insize=11176 outsize=10437 ok=1
Cmd: compileComputeKernel
  api=4 insize=8005 outsize=5001 ok=1
Cmd: compileComputeKernel
  api=4 insize=5022 outsize=3733 ok=1
Cmd: compileComputeKernel
  api=4 insize=6353 outsize=1341 ok=1
Cmd: compileComputeKernel
  api=4 insize=18731 outsize=8693 ok=1
Cmd: compileComputeKernel
  api=4 insize=19063 outsize=14105 ok=1
Cmd: compileComputeKernel
  api=4 insize=21751 outsize=21741 ok=1
Cmd: compileComputeKernel
  api=4 insize=20370 outsize=95033 ok=1
Cmd: compileComputeKernel
  api=4 insize=36517 outsize=33537 ok=1
Cmd: compileComputeKernel
  api=4 insize=8350 outsize=2077 ok=1
Cmd: compileComputeKernel
  api=4 insize=17323 outsize=6877 ok=1
Cmd: compileComputeKernel
  api=4 insize=14079 outsize=2265 ok=1
Cmd: compileComputeKernel
  api=4 insize=16866 outsize=5113 ok=1
Cmd: compileComputeKernel
  api=4 insize=16866 outsize=5617 ok=1
Cmd: compileComputeKernel
  api=4 insize=16866 outsize=6501 ok=1
Cmd: compileComputeKernel
  api=4 insize=16866 outsize=8997 ok=1
Cmd: compileComputeKernel
  api=4 insize=16866 outsize=9977 ok=1
Cmd: compileComputeKernel
  api=4 insize=16866 outsize=8773 ok=1
Cmd: compileComputeKernel
  api=4 insize=16866 outsize=11145 ok=1
Cmd: compileComputeKernel
  error: 2 plat 4 at Test.vfx(14): failed to open source file: 'Packages/com.unity.visualeffectgraph/Shaders/Common/VFXCommonCompute.cginc'
  api=4 insize=1565 outsize=0 ok=0
Cmd: initializeCompiler
Cmd: initializeCompiler
Cmd: initializeCompiler
Cmd: initializeCompiler
Cmd: initializeCompiler
